<?xml version="1.0" encoding="UTF-8"?>
<!-- Generated by org.testng.reporters.JUnitReportReporter -->
<testsuite hostname="tejal" failures="0" tests="2" name="Testpakage.extentreport" time="0.608" errors="0" timestamp="2022-09-08T16:14:50 IST" skipped="0">
  <testcase classname="Testpakage.extentreport" name="report2" time="0.069"/>
  <system-out/>
  <testcase classname="Testpakage.extentreport" name="report" time="0.539"/>
  <system-out/>
</testsuite> <!-- Testpakage.extentreport -->
